{"C:\\Users\\Vinicius\\Documents\\pi7p\\app\\controllers\\IndexController.js":{"path":"C:\\Users\\Vinicius\\Documents\\pi7p\\app\\controllers\\IndexController.js","s":{"1":1,"2":1,"3":0,"4":0,"5":0,"6":0,"7":0,"8":0,"9":0,"10":0,"11":0,"12":4,"13":0,"14":0,"15":0,"16":0,"17":0,"18":3,"19":0,"20":0,"21":0,"22":0,"23":0,"24":1,"25":1,"26":1,"27":1,"28":1,"29":1,"30":1,"31":1,"32":1,"33":1,"34":1,"35":1,"36":1,"37":1,"38":1,"39":1,"40":1,"41":1,"42":1,"43":1,"44":1,"45":1,"46":1,"47":1,"48":1,"49":1,"50":1,"51":1,"52":1,"53":1,"54":1,"55":1,"56":1,"57":1,"58":1,"59":1,"60":1,"61":1,"62":1,"63":1,"64":1,"65":1,"66":1,"67":1,"68":1,"69":1,"70":1,"71":1,"72":1,"73":1,"74":1,"75":1,"76":1,"77":1,"78":1,"79":1,"80":1,"81":1,"82":1,"83":1,"84":1,"85":1,"86":1,"87":1,"88":1,"89":1,"90":1,"91":1,"92":1,"93":1,"94":1,"95":1,"96":1,"97":1,"98":1,"99":1,"100":1,"101":1,"102":1,"103":1,"104":1,"105":1,"106":1,"107":1,"108":1,"109":1,"110":1,"111":1,"112":1,"113":1,"114":1,"115":1,"116":1,"117":1,"118":1,"119":1,"120":1,"121":1,"122":1,"123":1,"124":1,"125":1,"126":4,"127":0,"128":0,"129":0,"130":0,"131":0,"132":3,"133":1},"b":{},"f":{"1":1,"2":0,"3":0,"4":0,"5":0,"6":0,"7":4,"8":0,"9":0,"10":3,"11":0,"12":0,"13":1,"14":4,"15":0,"16":0,"17":3},"fnMap":{"1":{"name":"(anonymous_1)","line":1,"loc":{"start":{"line":1,"column":17},"end":{"line":1,"column":33}}},"2":{"name":"(anonymous_2)","line":4,"loc":{"start":{"line":4,"column":20},"end":{"line":4,"column":49}}},"3":{"name":"(anonymous_3)","line":10,"loc":{"start":{"line":10,"column":22},"end":{"line":10,"column":49}}},"4":{"name":"(anonymous_4)","line":14,"loc":{"start":{"line":14,"column":12},"end":{"line":14,"column":41}}},"5":{"name":"(anonymous_5)","line":24,"loc":{"start":{"line":24,"column":20},"end":{"line":24,"column":47}}},"6":{"name":"(anonymous_6)","line":28,"loc":{"start":{"line":28,"column":10},"end":{"line":28,"column":39}}},"7":{"name":"(anonymous_7)","line":37,"loc":{"start":{"line":37,"column":14},"end":{"line":37,"column":33}}},"8":{"name":"(anonymous_8)","line":41,"loc":{"start":{"line":41,"column":23},"end":{"line":41,"column":50}}},"9":{"name":"(anonymous_9)","line":45,"loc":{"start":{"line":45,"column":13},"end":{"line":45,"column":42}}},"10":{"name":"(anonymous_10)","line":54,"loc":{"start":{"line":54,"column":17},"end":{"line":54,"column":36}}},"11":{"name":"(anonymous_11)","line":58,"loc":{"start":{"line":58,"column":26},"end":{"line":58,"column":53}}},"12":{"name":"(anonymous_12)","line":62,"loc":{"start":{"line":62,"column":16},"end":{"line":62,"column":45}}},"13":{"name":"(anonymous_13)","line":71,"loc":{"start":{"line":71,"column":19},"end":{"line":71,"column":33}}},"14":{"name":"(anonymous_14)","line":177,"loc":{"start":{"line":177,"column":20},"end":{"line":177,"column":39}}},"15":{"name":"(anonymous_15)","line":181,"loc":{"start":{"line":181,"column":22},"end":{"line":181,"column":49}}},"16":{"name":"(anonymous_16)","line":185,"loc":{"start":{"line":185,"column":12},"end":{"line":185,"column":41}}},"17":{"name":"(anonymous_17)","line":194,"loc":{"start":{"line":194,"column":16},"end":{"line":194,"column":35}}}},"statementMap":{"1":{"start":{"line":1,"column":0},"end":{"line":200,"column":2}},"2":{"start":{"line":2,"column":4},"end":{"line":197,"column":3}},"3":{"start":{"line":5,"column":3},"end":{"line":7,"column":6}},"4":{"start":{"line":11,"column":3},"end":{"line":11,"column":28}},"5":{"start":{"line":15,"column":3},"end":{"line":15,"column":32}},"6":{"start":{"line":17,"column":3},"end":{"line":19,"column":6}},"7":{"start":{"line":25,"column":3},"end":{"line":25,"column":28}},"8":{"start":{"line":29,"column":3},"end":{"line":29,"column":42}},"9":{"start":{"line":30,"column":3},"end":{"line":30,"column":42}},"10":{"start":{"line":31,"column":3},"end":{"line":31,"column":51}},"11":{"start":{"line":32,"column":3},"end":{"line":34,"column":6}},"12":{"start":{"line":38,"column":3},"end":{"line":38,"column":22}},"13":{"start":{"line":42,"column":3},"end":{"line":42,"column":31}},"14":{"start":{"line":46,"column":3},"end":{"line":46,"column":42}},"15":{"start":{"line":47,"column":3},"end":{"line":47,"column":42}},"16":{"start":{"line":48,"column":3},"end":{"line":48,"column":54}},"17":{"start":{"line":49,"column":3},"end":{"line":51,"column":6}},"18":{"start":{"line":55,"column":3},"end":{"line":55,"column":22}},"19":{"start":{"line":59,"column":3},"end":{"line":59,"column":34}},"20":{"start":{"line":63,"column":3},"end":{"line":63,"column":42}},"21":{"start":{"line":64,"column":3},"end":{"line":64,"column":42}},"22":{"start":{"line":65,"column":3},"end":{"line":65,"column":57}},"23":{"start":{"line":66,"column":3},"end":{"line":68,"column":6}},"24":{"start":{"line":72,"column":3},"end":{"line":72,"column":32}},"25":{"start":{"line":73,"column":3},"end":{"line":73,"column":18}},"26":{"start":{"line":74,"column":3},"end":{"line":74,"column":18}},"27":{"start":{"line":75,"column":3},"end":{"line":75,"column":18}},"28":{"start":{"line":76,"column":3},"end":{"line":76,"column":18}},"29":{"start":{"line":77,"column":3},"end":{"line":77,"column":18}},"30":{"start":{"line":78,"column":3},"end":{"line":78,"column":18}},"31":{"start":{"line":79,"column":3},"end":{"line":79,"column":18}},"32":{"start":{"line":80,"column":3},"end":{"line":80,"column":18}},"33":{"start":{"line":81,"column":3},"end":{"line":81,"column":18}},"34":{"start":{"line":82,"column":3},"end":{"line":82,"column":18}},"35":{"start":{"line":83,"column":3},"end":{"line":83,"column":18}},"36":{"start":{"line":84,"column":3},"end":{"line":84,"column":18}},"37":{"start":{"line":85,"column":3},"end":{"line":85,"column":18}},"38":{"start":{"line":86,"column":3},"end":{"line":86,"column":18}},"39":{"start":{"line":87,"column":3},"end":{"line":87,"column":18}},"40":{"start":{"line":88,"column":3},"end":{"line":88,"column":18}},"41":{"start":{"line":89,"column":3},"end":{"line":89,"column":18}},"42":{"start":{"line":90,"column":3},"end":{"line":90,"column":18}},"43":{"start":{"line":91,"column":3},"end":{"line":91,"column":18}},"44":{"start":{"line":92,"column":3},"end":{"line":92,"column":18}},"45":{"start":{"line":93,"column":3},"end":{"line":93,"column":18}},"46":{"start":{"line":94,"column":3},"end":{"line":94,"column":18}},"47":{"start":{"line":95,"column":3},"end":{"line":95,"column":18}},"48":{"start":{"line":96,"column":3},"end":{"line":96,"column":18}},"49":{"start":{"line":97,"column":3},"end":{"line":97,"column":18}},"50":{"start":{"line":98,"column":3},"end":{"line":98,"column":18}},"51":{"start":{"line":99,"column":3},"end":{"line":99,"column":18}},"52":{"start":{"line":100,"column":3},"end":{"line":100,"column":18}},"53":{"start":{"line":101,"column":3},"end":{"line":101,"column":18}},"54":{"start":{"line":102,"column":3},"end":{"line":102,"column":18}},"55":{"start":{"line":103,"column":3},"end":{"line":103,"column":18}},"56":{"start":{"line":104,"column":3},"end":{"line":104,"column":18}},"57":{"start":{"line":105,"column":3},"end":{"line":105,"column":18}},"58":{"start":{"line":106,"column":3},"end":{"line":106,"column":18}},"59":{"start":{"line":107,"column":3},"end":{"line":107,"column":18}},"60":{"start":{"line":108,"column":3},"end":{"line":108,"column":18}},"61":{"start":{"line":109,"column":3},"end":{"line":109,"column":18}},"62":{"start":{"line":110,"column":3},"end":{"line":110,"column":18}},"63":{"start":{"line":111,"column":3},"end":{"line":111,"column":18}},"64":{"start":{"line":112,"column":3},"end":{"line":112,"column":18}},"65":{"start":{"line":113,"column":3},"end":{"line":113,"column":18}},"66":{"start":{"line":114,"column":3},"end":{"line":114,"column":18}},"67":{"start":{"line":115,"column":3},"end":{"line":115,"column":18}},"68":{"start":{"line":116,"column":3},"end":{"line":116,"column":18}},"69":{"start":{"line":117,"column":3},"end":{"line":117,"column":18}},"70":{"start":{"line":118,"column":3},"end":{"line":118,"column":18}},"71":{"start":{"line":119,"column":3},"end":{"line":119,"column":18}},"72":{"start":{"line":120,"column":3},"end":{"line":120,"column":18}},"73":{"start":{"line":121,"column":3},"end":{"line":121,"column":18}},"74":{"start":{"line":122,"column":3},"end":{"line":122,"column":18}},"75":{"start":{"line":123,"column":3},"end":{"line":123,"column":18}},"76":{"start":{"line":124,"column":3},"end":{"line":124,"column":18}},"77":{"start":{"line":125,"column":3},"end":{"line":125,"column":18}},"78":{"start":{"line":126,"column":3},"end":{"line":126,"column":18}},"79":{"start":{"line":127,"column":3},"end":{"line":127,"column":18}},"80":{"start":{"line":128,"column":3},"end":{"line":128,"column":18}},"81":{"start":{"line":129,"column":3},"end":{"line":129,"column":18}},"82":{"start":{"line":130,"column":3},"end":{"line":130,"column":18}},"83":{"start":{"line":131,"column":3},"end":{"line":131,"column":18}},"84":{"start":{"line":132,"column":3},"end":{"line":132,"column":18}},"85":{"start":{"line":133,"column":3},"end":{"line":133,"column":18}},"86":{"start":{"line":134,"column":3},"end":{"line":134,"column":18}},"87":{"start":{"line":135,"column":3},"end":{"line":135,"column":18}},"88":{"start":{"line":136,"column":3},"end":{"line":136,"column":18}},"89":{"start":{"line":137,"column":3},"end":{"line":137,"column":18}},"90":{"start":{"line":138,"column":3},"end":{"line":138,"column":18}},"91":{"start":{"line":139,"column":3},"end":{"line":139,"column":18}},"92":{"start":{"line":140,"column":3},"end":{"line":140,"column":18}},"93":{"start":{"line":141,"column":3},"end":{"line":141,"column":18}},"94":{"start":{"line":142,"column":3},"end":{"line":142,"column":18}},"95":{"start":{"line":143,"column":3},"end":{"line":143,"column":18}},"96":{"start":{"line":144,"column":3},"end":{"line":144,"column":18}},"97":{"start":{"line":145,"column":3},"end":{"line":145,"column":18}},"98":{"start":{"line":146,"column":3},"end":{"line":146,"column":18}},"99":{"start":{"line":147,"column":3},"end":{"line":147,"column":18}},"100":{"start":{"line":148,"column":3},"end":{"line":148,"column":18}},"101":{"start":{"line":149,"column":3},"end":{"line":149,"column":18}},"102":{"start":{"line":150,"column":3},"end":{"line":150,"column":18}},"103":{"start":{"line":151,"column":3},"end":{"line":151,"column":18}},"104":{"start":{"line":152,"column":3},"end":{"line":152,"column":18}},"105":{"start":{"line":153,"column":3},"end":{"line":153,"column":18}},"106":{"start":{"line":154,"column":3},"end":{"line":154,"column":18}},"107":{"start":{"line":155,"column":3},"end":{"line":155,"column":18}},"108":{"start":{"line":156,"column":3},"end":{"line":156,"column":18}},"109":{"start":{"line":157,"column":3},"end":{"line":157,"column":18}},"110":{"start":{"line":158,"column":3},"end":{"line":158,"column":18}},"111":{"start":{"line":159,"column":3},"end":{"line":159,"column":18}},"112":{"start":{"line":160,"column":3},"end":{"line":160,"column":18}},"113":{"start":{"line":161,"column":3},"end":{"line":161,"column":18}},"114":{"start":{"line":162,"column":3},"end":{"line":162,"column":18}},"115":{"start":{"line":163,"column":3},"end":{"line":163,"column":18}},"116":{"start":{"line":164,"column":3},"end":{"line":164,"column":18}},"117":{"start":{"line":165,"column":3},"end":{"line":165,"column":18}},"118":{"start":{"line":166,"column":3},"end":{"line":166,"column":18}},"119":{"start":{"line":167,"column":3},"end":{"line":167,"column":18}},"120":{"start":{"line":168,"column":3},"end":{"line":168,"column":18}},"121":{"start":{"line":169,"column":3},"end":{"line":169,"column":18}},"122":{"start":{"line":170,"column":3},"end":{"line":170,"column":18}},"123":{"start":{"line":171,"column":3},"end":{"line":171,"column":18}},"124":{"start":{"line":172,"column":3},"end":{"line":172,"column":18}},"125":{"start":{"line":174,"column":3},"end":{"line":174,"column":20}},"126":{"start":{"line":178,"column":3},"end":{"line":178,"column":22}},"127":{"start":{"line":182,"column":3},"end":{"line":182,"column":30}},"128":{"start":{"line":186,"column":3},"end":{"line":186,"column":44}},"129":{"start":{"line":187,"column":3},"end":{"line":187,"column":44}},"130":{"start":{"line":188,"column":3},"end":{"line":188,"column":53}},"131":{"start":{"line":189,"column":3},"end":{"line":191,"column":6}},"132":{"start":{"line":195,"column":3},"end":{"line":195,"column":22}},"133":{"start":{"line":199,"column":4},"end":{"line":199,"column":22}}},"branchMap":{}}}