TN:
SF:C:\Users\Vinicius\Documents\pi7p\app\controllers\IndexController.js
FN:1,(anonymous_1)
FN:4,(anonymous_2)
FN:10,(anonymous_3)
FN:14,(anonymous_4)
FN:24,(anonymous_5)
FN:28,(anonymous_6)
FN:37,(anonymous_7)
FN:41,(anonymous_8)
FN:45,(anonymous_9)
FN:54,(anonymous_10)
FN:58,(anonymous_11)
FN:62,(anonymous_12)
FN:71,(anonymous_13)
FN:177,(anonymous_14)
FN:181,(anonymous_15)
FN:185,(anonymous_16)
FN:194,(anonymous_17)
FNF:17
FNH:6
FNDA:1,(anonymous_1)
FNDA:0,(anonymous_2)
FNDA:0,(anonymous_3)
FNDA:0,(anonymous_4)
FNDA:0,(anonymous_5)
FNDA:0,(anonymous_6)
FNDA:4,(anonymous_7)
FNDA:0,(anonymous_8)
FNDA:0,(anonymous_9)
FNDA:3,(anonymous_10)
FNDA:0,(anonymous_11)
FNDA:0,(anonymous_12)
FNDA:1,(anonymous_13)
FNDA:4,(anonymous_14)
FNDA:0,(anonymous_15)
FNDA:0,(anonymous_16)
FNDA:3,(anonymous_17)
DA:1,1
DA:2,1
DA:5,0
DA:11,0
DA:15,0
DA:17,0
DA:25,0
DA:29,0
DA:30,0
DA:31,0
DA:32,0
DA:38,4
DA:42,0
DA:46,0
DA:47,0
DA:48,0
DA:49,0
DA:55,3
DA:59,0
DA:63,0
DA:64,0
DA:65,0
DA:66,0
DA:72,1
DA:73,1
DA:74,1
DA:75,1
DA:76,1
DA:77,1
DA:78,1
DA:79,1
DA:80,1
DA:81,1
DA:82,1
DA:83,1
DA:84,1
DA:85,1
DA:86,1
DA:87,1
DA:88,1
DA:89,1
DA:90,1
DA:91,1
DA:92,1
DA:93,1
DA:94,1
DA:95,1
DA:96,1
DA:97,1
DA:98,1
DA:99,1
DA:100,1
DA:101,1
DA:102,1
DA:103,1
DA:104,1
DA:105,1
DA:106,1
DA:107,1
DA:108,1
DA:109,1
DA:110,1
DA:111,1
DA:112,1
DA:113,1
DA:114,1
DA:115,1
DA:116,1
DA:117,1
DA:118,1
DA:119,1
DA:120,1
DA:121,1
DA:122,1
DA:123,1
DA:124,1
DA:125,1
DA:126,1
DA:127,1
DA:128,1
DA:129,1
DA:130,1
DA:131,1
DA:132,1
DA:133,1
DA:134,1
DA:135,1
DA:136,1
DA:137,1
DA:138,1
DA:139,1
DA:140,1
DA:141,1
DA:142,1
DA:143,1
DA:144,1
DA:145,1
DA:146,1
DA:147,1
DA:148,1
DA:149,1
DA:150,1
DA:151,1
DA:152,1
DA:153,1
DA:154,1
DA:155,1
DA:156,1
DA:157,1
DA:158,1
DA:159,1
DA:160,1
DA:161,1
DA:162,1
DA:163,1
DA:164,1
DA:165,1
DA:166,1
DA:167,1
DA:168,1
DA:169,1
DA:170,1
DA:171,1
DA:172,1
DA:174,1
DA:178,4
DA:182,0
DA:186,0
DA:187,0
DA:188,0
DA:189,0
DA:195,3
DA:199,1
LF:133
LH:109
BRF:0
BRH:0
end_of_record
